-------------------------------------------------------------------------------
Test set: cucmberOptions.TestRunner
-------------------------------------------------------------------------------
Tests run: 1, Failures: 0, Errors: 1, Skipped: 0, Time elapsed: 1.217 sec <<< FAILURE!
LoginPage(User validates Login Page)  Time elapsed: 0.23 sec  <<< ERROR!
io.cucumber.junit.UndefinedStepException: The step 'User is on NetBanking landingpage' and 3 other step(s) are undefined.
You can implement these steps using the snippet(s) below:

@Given("User is on NetBanking landingpage")
public void user_is_on_net_banking_landingpage() {
    // Write code here that turns the phrase above into concrete actions
    throw new io.cucumber.java.PendingException();
}
@When("User login into application with username and passord")
public void user_login_into_application_with_username_and_passord() {
    // Write code here that turns the phrase above into concrete actions
    throw new io.cucumber.java.PendingException();
}
@Then("Home page is populated")
public void home_page_is_populated() {
    // Write code here that turns the phrase above into concrete actions
    throw new io.cucumber.java.PendingException();
}
@Then("Cards are displayed")
public void cards_are_displayed() {
    // Write code here that turns the phrase above into concrete actions
    throw new io.cucumber.java.PendingException();
}


